
ROM used:   1064/16384 (6%)
            1064/16384 (6%) including unused fragments

            0.8 Average locations per line
            11.8 Average locations per statement

RAM used:   198/768 (26%) at main() level
            208/768 (27%) worst case

Stack used: 1 worst case (0 in main + 1 for interrupts)
Stack size: 31

Lines Stmts  %   Files
----- ----- ---  -----
   29     7   8  main.c
   58     0   0  main.h
  894     0   0  C:\Program Files\PICC\devices\18F4431.h
   29     0   0  uart.h
  255    83  92  uart.c
----- -----
 1265    90 Total

Page ROM  %  RAM    Vol Diff  Functions:
---- --- --- ---    --- ----  ----------
0     30   1    1             @PUTCHAR_BIU_1
0     50   2    3    256  4.6  serial_rcv_isr
0     44   2    1    196  4.9  serial_td_isr
0     32   2    2    149  3.9  uart_bgetc
0     56   3    5    334  5.3  uart_bputc
0     60   3    4    328  4.5  uart_init
0     12   1    0     18  1.0  parse_uart_data
0     14   1    0             @GOTOPTR
0     38   2    1    250  4.5  wait_for_start
0     28   1    0    110  4.0  wait_for_adr
0     28   1    0    110  4.0  parse_id
0     28   1    0    110  4.0  parse_length
0     66   3    2    211  5.3  parse_data
0     48   2    0    169  4.2  parse_crc
0     54   3    1    179  4.1  parse_end
0     22   1    0             @const726
0     32   2    2             @PSTRINGC_687
0     60   3    3    303  5.8  crc_check
0    164   8    0    160  2.9  MAIN
0     16   1    0             @const736
 Inline         0             @cinit1

Program metrics:
    Functions               15
    Statements              90
    Comments                280
    Volume (V)              5151
    Difficulty (D)          63.0
    Effort to implement (E) 324291
    Time to implement (T)   5 hours, 0 minutes
    Est Delivered Bugs (B)  2
    Cyclomatic Complexity   18
    Maintainability (MI)    131

 Segment     Used  Free
-----------  ----  ----
00000-00002     4  0  
00004-00006     0  4  
00008-000B8   178  0  
000BA-03FFE   882  15316  



